
=== Tue Aug 27 16:56:10 2019

Packages were changed.
Update Mode: updateDependencies

The following packages were added:
  com.unity.2d.tilemap@1.0.0
  com.unity.2d.sprite@1.0.0
  com.unity.multiplayer-hlapi@1.0.2
  com.unity.xr.legacyinputhelpers@2.0.2
The following packages were updated:
  com.unity.ide.rider from version 1.0.4 to 1.0.8
  com.unity.ide.vscode from version 1.0.4 to 1.0.7

=== Thu Sep 26 17:48:29 2019

Packages were changed.
Update Mode: updateDependencies

The following packages were updated:
  com.unity.ide.rider from version 1.0.8 to 1.1.0
  com.unity.multiplayer-hlapi from version 1.0.2 to 1.0.4
  com.unity.test-framework from version 1.0.13 to 1.0.17
The following packages were removed:
  com.unity.package-manager-ui@2.2.0

=== Fri Sep 27 20:57:11 2019

Packages were changed.
Update Mode: updateDependencies

The following packages were updated:
  com.unity.test-framework from version 1.0.17 to 1.1.1
  com.unity.timeline from version 1.1.0 to 1.2.2

=== Sat Sep 28 20:51:12 2019

Packages were changed.
Update Mode: resetToDefaultDependencies

The following packages were added:
  com.unity.package-manager-ui@2.2.0
The following packages were updated:
  com.unity.test-framework from version 1.1.1 to 1.0.13
  com.unity.ide.vscode from version 1.0.7 to 1.1.0
The following packages were removed:
  com.unity.2d.sprite@1.0.0
  com.unity.2d.tilemap@1.0.0
  com.unity.ads@2.0.8
  com.unity.ai.planner@0.1.1-preview
  com.unity.analytics@3.3.2
  com.unity.entities@0.1.1-preview
  com.unity.ide.visualstudio@1.0.5
  com.unity.multiplayer-hlapi@1.0.4
  com.unity.purchasing@2.0.6
  com.unity.xr.legacyinputhelpers@2.0.2

=== Mon Jan 20 19:08:14 2020

Packages were changed.
Update Mode: updateDependencies

The following packages were updated:
  com.unity.ide.rider from version 1.1.0 to 1.1.4
  com.unity.probuilder from version 4.0.5 to 4.1.0
  com.unity.test-framework from version 1.0.13 to 1.1.3
  com.unity.timeline from version 1.1.0 to 1.2.6
The following packages were removed:
  com.unity.package-manager-ui@2.2.0

=== Mon Jan 20 20:40:22 2020

Packages were changed.
Update Mode: updateDependencies

The following packages were updated:
  com.unity.probuilder from version 4.1.0 to 4.1.2
  com.unity.test-framework from version 1.1.3 to 1.1.9
  com.unity.timeline from version 1.2.6 to 1.2.9

=== Sun Feb  9 12:31:30 2020

Packages were changed.
Update Mode: updateDependencies

The following packages were updated:
  com.unity.probuilder from version 4.1.2 to 4.2.3
  com.unity.timeline from version 1.2.9 to 1.2.10

=== Thu Mar  5 18:26:40 2020

Packages were changed.
Update Mode: updateDependencies

The following packages were updated:
  com.unity.timeline from version 1.2.11 to 1.2.12

=== Mon Jun 15 17:27:58 2020

Packages were changed.
Update Mode: updateDependencies

The following packages were updated:
  com.unity.ide.vscode from version 1.1.4 to 1.2.0

=== Thu Aug 13 21:41:16 2020

Packages were changed.
Update Mode: updateDependencies

The following packages were updated:
  com.unity.settings-manager from version 1.0.2 to 1.0.3
  com.unity.test-framework from version 1.1.14 to 1.1.16

=== Sun Dec  6 22:24:43 2020

Packages were changed.
Update Mode: updateDependencies

The following packages were updated:
  com.unity.ext.nunit from version 1.0.0 to 1.0.5
  com.unity.scriptablebuildpipeline from version 1.7.3 to 1.14.1
  com.unity.test-framework from version 1.1.16 to 1.1.19

=== Thu Jan 14 20:29:46 2021

Packages were changed.
Update Mode: updateDependencies

The following packages were updated:
  com.unity.ext.nunit from version 1.0.5 to 1.0.6
  com.unity.test-framework from version 1.1.19 to 1.1.20

=== Wed Jan 27 15:58:28 2021

Packages were changed.
Update Mode: updateDependencies

The following packages were added:
  com.unity.ide.visualstudio@2.0.5
The following packages were updated:
  com.unity.cinemachine from version 2.3.4 to 2.5.0
  com.unity.collab-proxy from version 1.2.16 to 1.3.9
  com.unity.ide.rider from version 1.1.4 to 2.0.7
  com.unity.textmeshpro from version 2.0.1 to 3.0.1

=== Fri Mar  5 09:36:43 2021

Packages were changed.
Update Mode: updateDependencies

The following packages were updated:
  com.unity.ide.visualstudio from version 2.0.5 to 2.0.7

=== Sun May 16 09:57:52 2021

Packages were changed.
Update Mode: updateDependencies

The following packages were updated:
  com.unity.scriptablebuildpipeline from version 1.14.1 to 1.15.2

=== Wed Jun 30 09:27:24 2021

Packages were changed.
Update Mode: updateDependencies

The following packages were updated:
  com.unity.collab-proxy from version 1.3.9 to 1.5.7

=== Sat Sep 11 11:23:58 2021

Packages were changed.
Update Mode: updateDependencies

The following packages were updated:
  com.unity.collab-proxy from version 1.5.7 to 1.9.0
  com.unity.scriptablebuildpipeline from version 1.15.2 to 1.19.0
  com.unity.test-framework from version 1.1.27 to 1.1.29

=== Sat Nov 20 07:49:30 2021

Packages were changed.
Update Mode: updateDependencies

The following packages were updated:
  com.unity.collab-proxy from version 1.9.0 to 1.13.5

=== Sun Dec 12 09:21:13 2021

Packages were changed.
Update Mode: updateDependencies

The following packages were updated:
  com.unity.collab-proxy from version 1.13.5 to 1.15.4
  com.unity.ide.visualstudio from version 2.0.11 to 2.0.12

=== Tue Apr 12 18:10:37 2022

Packages were changed.
Update Mode: updateDependencies

The following packages were updated:
  com.unity.burst from version 1.5.6 to 1.6.5
  com.unity.cinemachine from version 2.6.11 to 2.8.4
  com.unity.collab-proxy from version 1.15.9 to 1.15.15
  com.unity.ide.rider from version 2.0.7 to 3.0.13
  com.unity.ide.vscode from version 1.2.4 to 1.2.5
  com.unity.probuilder from version 4.5.2 to 5.0.3
  com.unity.scriptablebuildpipeline from version 1.19.5 to 1.19.6
  com.unity.searcher from version 4.3.2 to 4.9.1
  com.unity.test-framework from version 1.1.30 to 1.1.31
  com.unity.timeline from version 1.4.8 to 1.6.4

=== Sat Jun 18 22:11:12 2022

Packages were changed.
Update Mode: updateDependencies

The following packages were updated:
  com.unity.collab-proxy from version 1.15.15 to 1.15.17
  com.unity.ide.rider from version 3.0.13 to 3.0.14
  com.unity.scriptablebuildpipeline from version 1.19.6 to 1.20.1

=== Sat Jul  2 19:23:07 2022

Packages were changed.
Update Mode: updateDependencies

The following packages were updated:
  com.unity.collab-proxy from version 1.15.17 to 1.15.18

=== Sat Jul 30 14:26:26 2022

Packages were changed.
Update Mode: updateDependencies

The following packages were updated:
  com.unity.burst from version 1.6.5 to 1.6.6
  com.unity.collab-proxy from version 1.15.18 to 1.17.1
  com.unity.collections from version 1.2.3 to 1.2.4
  com.unity.ide.rider from version 3.0.14 to 3.0.15
  com.unity.ide.visualstudio from version 2.0.15 to 2.0.16

=== Sat Sep  3 08:08:40 2022

Packages were changed.
Update Mode: updateDependencies

The following packages were updated:
  com.unity.collab-proxy from version 1.17.1 to 1.17.2
